Log file open, 01/09/15 08:22:55
LogInit:Display: Running engine for game: Assignment2
LogInit: Version: 4.6.1-2386410+++depot+UE4-Releases+4.6
LogInit: API Version: 2369412
LogInit: Compiled (64-bit): Dec 11 2014 21:31:39
LogInit: Compiled with Visual C++: 18.00.21005.01
LogInit: Build Configuration: Development
LogInit: Branch Name: ++depot+UE4-Releases+4.6
LogInit: Command line: 
LogInit: Base directory: C:/Program Files/Unreal Engine/4.6/Engine/Binaries/Win64/
LogInit: Rocket: 1
[2015.01.09-08.22.55:949][  0]LogTaskGraph: Started task graph with 3 named threads and 8 total threads.
[2015.01.09-08.22.56:021][  0]LogOnline:Warning: No default platform service specified for OnlineSubsystem
[2015.01.09-08.22.56:047][  0]LogInit: Presizing for 0 objects not considered by GC, pre-allocating 0 bytes.
[2015.01.09-08.22.56:056][  0]LogInit: Object subsystem initialized
[2015.01.09-08.22.56:057][  0]LogConsoleResponse:Warning: Skipping Unknown console variable: 'UIScaleRule = ShortestSide'
[2015.01.09-08.22.56:057][  0]LogConsoleResponse:Warning:   Found in ini file 'F:/Assignment2/Saved/Config/Windows/Engine.ini', in section '[/Script/Engine.RendererSettings]'
[2015.01.09-08.22.56:057][  0]LogConsoleResponse:Warning: Skipping Unknown console variable: 'UIScaleCurve = (EditorCurveData=(Keys=),ExternalCurve=None)'
[2015.01.09-08.22.56:057][  0]LogConsoleResponse:Warning:   Found in ini file 'F:/Assignment2/Saved/Config/Windows/Engine.ini', in section '[/Script/Engine.RendererSettings]'
[2015.01.09-08.22.56:058][  0]LogConsoleManager:Warning: Console variable 'r.MSAA.CompositingSampleCount' wasn't set (Priority ProjectSetting < Scalability)
[2015.01.09-08.22.56:058][  0]LogInit: Selected Device Profile: [Windows]
[2015.01.09-08.22.56:058][  0]LogInit: Applying CVar settings loaded from the selected device profile: [Windows]
[2015.01.09-08.22.56:170][  0]LogInit: Computer: PC40567
[2015.01.09-08.22.56:170][  0]LogInit: User: i7671967
[2015.01.09-08.22.56:170][  0]LogInit: CPU Page size=4096, Cores=6
[2015.01.09-08.22.56:170][  0]LogInit: High frequency timer resolution =3.409775 MHz
[2015.01.09-08.22.56:171][  0]LogMemory: Memory total: Physical=31.9GB (32GB approx) Virtual=8192.0GB
[2015.01.09-08.22.56:171][  0]LogMemory: Platform Memory Stats for Windows
[2015.01.09-08.22.56:171][  0]LogMemory: Process Physical Memory: 51.43 MB used, 51.43 MB peak
[2015.01.09-08.22.56:171][  0]LogMemory: Process Virtual Memory: 27.31 MB used, 27.31 MB peak
[2015.01.09-08.22.56:171][  0]LogMemory: Physical Memory: 4724.15 MB used, 32691.78 MB total
[2015.01.09-08.22.56:171][  0]LogMemory: Virtual Memory: 268.01 MB used, 8388608.00 MB total
[2015.01.09-08.22.56:234][  0]LogD3D11RHI: Found D3D11 adapter 0: NVIDIA Quadro K4000 (Feature Level 11_0)
[2015.01.09-08.22.56:234][  0]LogD3D11RHI: Adapter has 3015MB of dedicated video memory, 0MB of dedicated system memory, and 16089MB of shared system memory, 2 output[s]
[2015.01.09-08.22.56:234][  0]LogD3D11RHI: Chosen D3D11 Adapter Id = 0
[2015.01.09-08.22.56:239][  0]LogRHI: Texture pool is 1361 MB (70% of 1945 MB)
[2015.01.09-08.22.56:247][  0]LogD3D11RHI: Async texture creation enabled
[2015.01.09-08.22.56:301][  0]LogTextLocalizationManager: The requested culture ('en_GB') has no localization data; parent culture's ('en') localization data will be used.
[2015.01.09-08.22.56:453][  0]LogContentStreaming: Texture pool size is 0.000000MB
[2015.01.09-08.23.02:384][  0]LogTargetPlatformManager:Display: Building Assets For Windows
[2015.01.09-08.23.02:915][  0]LogTargetPlatformManager:Display: Building Assets For Windows
[2015.01.09-08.23.02:981][  0]LogDerivedDataCache:Display: Max Cache Size: 512 MB
[2015.01.09-08.23.03:015][  0]LogDerivedDataCache: Loaded boot cache 0.03s 39MB C:/Users/i7671967/AppData/Local/UnrealEngine/4.6/DerivedDataCache/Boot.ddc.
[2015.01.09-08.23.03:016][  0]LogDerivedDataCache:Display: Loaded Boot cache: C:/Users/i7671967/AppData/Local/UnrealEngine/4.6/DerivedDataCache/Boot.ddc
[2015.01.09-08.23.03:016][  0]LogDerivedDataCache: FDerivedDataBackendGraph:  Pak pak cache file F:/Assignment2/DerivedDataCache/DDC.ddp not found, will not use a pak cache.
[2015.01.09-08.23.03:042][  0]LogDerivedDataCache: Unable to find inner node Pak for hierarchical cache Hierarchy.
[2015.01.09-08.23.03:110][  0]LogDerivedDataCache:Display: Pak cache opened for reading ../../../Engine/DerivedDataCache/DDC.ddp.
[2015.01.09-08.23.03:124][  0]LogDerivedDataCache: Using Local data cache path C:/Users/i7671967/AppData/Local/UnrealEngine/Common/DerivedDataCache: Writable
[2015.01.09-08.23.03:288][  0]LogCollisionProfile:Warning: Profile (UI) - Custom Channel Name = 'Weapon' hasn't been found
[2015.01.09-08.23.03:437][  0]LogMeshUtilities: No automatic mesh reduction module available
[2015.01.09-08.23.03:437][  0]LogMeshUtilities: No automatic mesh merging module available
[2015.01.09-08.23.03:894][  0]LogInit: WinSock: version 1.1 (2.2), MaxSocks=32767, MaxUdp=65467
[2015.01.09-08.23.03:975][  0]LogSlate:Warning: Failed to load font data from '../../../Engine/Content/Slate/Fonts/Roboto-Italic.ttf'
[2015.01.09-08.23.05:151][  0]UdpMessaging: Initializing bridge on interface 0.0.0.0:0 to multicast group 230.0.0.1:6666.
[2015.01.09-08.23.05:408][  0]LogDirectoryWatcher:Warning: Failed to begin reading directory changes for F:/Assignment2/Binaries/Win64. Error: 0
[2015.01.09-08.23.05:655][  0]SourceControl: Info Source control is disabled
[2015.01.09-08.23.05:655][  0]SourceControl: Info Source control is disabled
[2015.01.09-08.23.05:666][  0]SourceControl: Info Source control is disabled
[2015.01.09-08.23.05:841][  0]LogObj: 23754 objects as part of root set at end of initial load.
[2015.01.09-08.23.05:841][  0]LogUObjectAllocator: 5168136 out of 0 bytes used by permanent object pool.
[2015.01.09-08.23.05:901][  0]LogEngine: Initializing Engine...
[2015.01.09-08.23.06:046][  0]LogInit: XAudio2 using 'Speakers (Realtek High Definition Audio)' : 2 channels at 48 kHz using 32 bits per sample (channel mask 0x3)
[2015.01.09-08.23.06:073][  0]LogInit: FAudioDevice initialized.
[2015.01.09-08.23.06:100][  0]LogAIModule: Creating AISystem for world NewWorld
[2015.01.09-08.23.06:121][  0]LogDerivedDataCache: Saved boot cache 0.02s 39MB C:/Users/i7671967/AppData/Local/UnrealEngine/4.6/DerivedDataCache/Boot.ddc.
[2015.01.09-08.23.06:126][  0]LogInit: Texture streaming: Enabled
[2015.01.09-08.23.06:164][  0]LogAnalytics: Creating configured Analytics provider AnalyticsET
[2015.01.09-08.23.06:164][  0]LogAnalytics: ET APIKey = Rocket.Release. APIServer = http://et2.epicgames.com/ET2/. AppVersion = 4.6.1-2386410+++depot+UE4-Releases+4.6
[2015.01.09-08.23.06:166][  0]LogAnalytics: SetUserId e723f01a87c108ff5570d36942774b97
[2015.01.09-08.23.06:166][  0]LogAnalytics: AnalyticsET::StartSession [Rocket.Release]
[2015.01.09-08.23.06:183][  0]LogInit: Transaction tracking system initialized
[2015.01.09-08.23.06:308][  0]BlueprintLog: New page: Editor Load
[2015.01.09-08.23.06:344][  0]LogAssetRegistry: FAssetRegistry took 0.0099 seconds to start up
[2015.01.09-08.23.06:344][  0]LogDirectoryWatcher:Warning: Failed to begin reading directory changes for ../../../Engine/Plugins/Experimental/CharacterAI/Content/. Error: 0
[2015.01.09-08.23.06:873][  0]LogTargetPlatformManager:Display: Building Assets For Windows
[2015.01.09-08.23.07:216][  0]LogTargetPlatformManager:Display: Building Assets For Windows
[2015.01.09-08.23.09:715][  0]LogConsoleResponse:Display: 
[2015.01.09-08.23.09:815][  0]LogLinker:Warning: Asset '../../../Engine/Content/Functions/Engine_MaterialFunctions03/Procedurals/ComputeFilterWidth.uasset' has been saved with empty engine version. The asset will be loaded but may be incompatible.
[2015.01.09-08.23.10:063][  0]SourceControl: Info Source control is disabled
[2015.01.09-08.23.10:063][  0]Cmd: MAP LOAD FILE="F:/Assignment2/Content/Maps/Example_Map.umap" TEMPLATE=0 SHOWPROGRESS=1
[2015.01.09-08.23.10:087][  0]LightingResults: New page: Lighting Build
[2015.01.09-08.23.10:100][  0]MapCheck: New page: Map Check
[2015.01.09-08.23.10:100][  0]LightingResults: New page: Lighting Build
[2015.01.09-08.23.10:116][  0]LogParticles: Destroying 0 GPU particle simulations for FXSystem 0x0000000011441940
[2015.01.09-08.23.15:221][  0]LogTexture:Display: Building textures: Tex-Rock_10_D (AutoDXT)
[2015.01.09-08.23.16:098][  0]LogTexture:Display: Building textures: Rock_HoleyWall_2k_alb2 (AutoDXT)
[2015.01.09-08.23.18:107][  0]LogTexture:Display: Building textures: Rock_HoleyWall_2k_ao (AutoDXT)
[2015.01.09-08.23.19:219][  0]LogTexture:Display: Building textures: Rock_HoleyWall_2k_g (AutoDXT)
[2015.01.09-08.23.19:887][  0]LogTexture:Display: Building textures: Rock_HoleyWall_2k_h (AutoDXT)
[2015.01.09-08.23.20:854][  0]LogTexture:Display: Building textures: Rock_HoleyWall_2k_n (BC5)
[2015.01.09-08.23.21:210][  0]LogMaterial: Missing cached shader map for material Rock_HoleyWall, compiling.
[2015.01.09-08.23.21:727][  0]LogTexture:Display: Building textures: Rock_JaggedCaveWall_2k_alb (AutoDXT)
[2015.01.09-08.23.24:579][  0]LogTexture:Display: Building textures: Rock_JaggedCaveWall_2k_g (AutoDXT)
[2015.01.09-08.23.25:562][  0]LogTexture:Display: Building textures: Rock_JaggedCaveWall_2k_h (AutoDXT)
[2015.01.09-08.23.26:656][  0]LogTexture:Display: Building textures: Rock_JaggedCaveWall_2k_n (BC5)
[2015.01.09-08.23.27:039][  0]LogMaterial: Missing cached shader map for material Rock_JaggedCaveWall, compiling.
[2015.01.09-08.23.27:815][  0]LogTexture:Display: Building textures: Ground_Dirt_2k_n (BC5)
[2015.01.09-08.23.28:525][  0]LogTexture:Display: Building textures: Ground_Dirt_2k_s (AutoDXT)
[2015.01.09-08.23.30:335][  0]LogMaterial: Missing cached shader map for material Ground_Dirt_2k_Mat, compiling.
[2015.01.09-08.23.30:825][  0]LogTexture:Display: Building textures: Ground_DirtBrownTan_2k_alb (AutoDXT)
[2015.01.09-08.23.33:205][  0]LogMaterial: Missing cached shader map for material Ground_DirtBrownTan_2k_alb_Mat, compiling.
[2015.01.09-08.23.33:551][  0]LogTexture:Display: Building textures: Ground_DirtBrownTan_2k_s (AutoDXT)
[2015.01.09-08.23.36:026][  0]LogTexture:Display: Building textures: Ground_DirtBrownTan_2k_n (BC5)
[2015.01.09-08.23.36:356][  0]LogMaterial: Missing cached shader map for material Ground_DirtBrownTan_2k_Mat, compiling.
[2015.01.09-08.23.36:371][  0]LogMaterial: Missing cached shader map for material Black, compiling.
[2015.01.09-08.23.40:643][  0]LogTexture:Display: Building textures: Tex-Detail_Alb (AutoDXT)
[2015.01.09-08.23.40:854][  0]LogTexture:Display: Building textures: Tex-Detail_Nrm (BC5)
[2015.01.09-08.23.40:995][  0]LogTexture:Display: Building textures: Tex-Rock_01_Alb (AutoDXT)
[2015.01.09-08.23.42:107][  0]LogTexture:Display: Building textures: Tex-Rock_01_Nrm (BC5)
[2015.01.09-08.23.42:692][  0]LogTexture:Display: Building textures: Tex-Rock_01_S-G-AO (AutoDXT)
[2015.01.09-08.23.43:306][  0]LogMaterial: Missing cached shader map for material Base_Material, compiling.
[2015.01.09-08.23.43:319][  0]LogStaticMesh: Building static mesh Rock_01...
[2015.01.09-08.23.43:491][  0]LogStaticMesh: Built static mesh [172.855682ms] /Game/SculptedRockPack/Meshes/Rock_01.Rock_01
[2015.01.09-08.23.43:682][  0]LogTexture:Display: Building textures: Tex-Rock_02_Alb (AutoDXT)
[2015.01.09-08.23.44:485][  0]LogTexture:Display: Building textures: Tex-Rock_02_Nrm (BC5)
[2015.01.09-08.23.44:683][  0]LogTexture:Display: Building textures: Tex-Rock_02_S-G-AO (AutoDXT)
[2015.01.09-08.23.45:322][  0]LogStaticMesh: Building static mesh Rock_02...
[2015.01.09-08.23.45:458][  0]LogStaticMesh: Built static mesh [136.960358ms] /Game/SculptedRockPack/Meshes/Rock_02.Rock_02
[2015.01.09-08.23.45:647][  0]LogTexture:Display: Building textures: Tex-Rock_03_Alb (AutoDXT)
[2015.01.09-08.23.46:388][  0]LogTexture:Display: Building textures: Tex-Rock_03_Nrm (BC5)
[2015.01.09-08.23.46:598][  0]LogTexture:Display: Building textures: Tex-Rock_03_S-G-AO (AutoDXT)
[2015.01.09-08.23.47:196][  0]LogStaticMesh: Building static mesh Rock_03...
[2015.01.09-08.23.47:323][  0]LogStaticMesh: Built static mesh [127.555336ms] /Game/SculptedRockPack/Meshes/Rock_03.Rock_03
[2015.01.09-08.23.47:484][  0]LogTexture:Display: Building textures: Tex-Rock_04_Alb (AutoDXT)
[2015.01.09-08.23.48:256][  0]LogTexture:Display: Building textures: Tex-Rock_04_Nrm (BC5)
[2015.01.09-08.23.48:447][  0]LogTexture:Display: Building textures: Tex-Rock_04_S-G-AO (AutoDXT)
[2015.01.09-08.23.49:069][  0]LogStaticMesh: Building static mesh Rock_04...
[2015.01.09-08.23.49:133][  0]LogStaticMesh: Built static mesh [64.399559ms] /Game/SculptedRockPack/Meshes/Rock_04.Rock_04
[2015.01.09-08.23.49:265][  0]LogTexture:Display: Building textures: Tex-Rock_05_Nrm (BC5)
[2015.01.09-08.23.49:863][  0]LogTexture:Display: Building textures: Tex-Rock_05_S-G-AO (AutoDXT)
[2015.01.09-08.23.52:425][  0]LogTexture:Display: Building textures: Tex-Rock_05_Alb (AutoDXT)
[2015.01.09-08.23.53:045][  0]LogStaticMesh: Building static mesh Rock_05...
[2015.01.09-08.23.53:203][  0]LogStaticMesh: Built static mesh [157.805725ms] /Game/SculptedRockPack/Meshes/Rock_05.Rock_05
[2015.01.09-08.23.53:347][  0]LogTexture:Display: Building textures: Tex-Rock_06_Alb (AutoDXT)
[2015.01.09-08.23.54:030][  0]LogTexture:Display: Building textures: Tex-Rock_06_Nrm (BC5)
[2015.01.09-08.23.54:282][  0]LogTexture:Display: Building textures: Tex-Rock_07_Alb (AutoDXT)
[2015.01.09-08.23.55:059][  0]LogTexture:Display: Building textures: Tex-Rock_07_Nrm (BC5)
[2015.01.09-08.23.55:268][  0]LogTexture:Display: Building textures: Tex-Rock_07_S-G-AO (AutoDXT)
[2015.01.09-08.23.56:010][  0]LogTexture:Display: Building textures: Tex-Rock_06_S-G-AO (AutoDXT)
[2015.01.09-08.23.56:599][  0]LogStaticMesh: Building static mesh Rock_06...
[2015.01.09-08.23.56:717][  0]LogStaticMesh: Built static mesh [118.372910ms] /Game/SculptedRockPack/Meshes/Rock_06.Rock_06
[2015.01.09-08.23.56:736][  0]LogStaticMesh: Building static mesh Rock_07...
[2015.01.09-08.23.56:860][  0]LogStaticMesh: Built static mesh [124.403519ms] /Game/SculptedRockPack/Meshes/Rock_07.Rock_07
[2015.01.09-08.23.57:011][  0]LogTexture:Display: Building textures: Tex-Rock_08_Alb (AutoDXT)
[2015.01.09-08.23.58:006][  0]LogTexture:Display: Building textures: Tex-Rock_08_Nrm (BC5)
[2015.01.09-08.23.58:500][  0]LogTexture:Display: Building textures: Tex-Rock_08_S-G-AO (AutoDXT)
[2015.01.09-08.23.59:095][  0]LogStaticMesh: Building static mesh Rock_08...
[2015.01.09-08.23.59:149][  0]LogStaticMesh: Built static mesh [54.150787ms] /Game/SculptedRockPack/Meshes/Rock_08.Rock_08
[2015.01.09-08.23.59:298][  0]LogTexture:Display: Building textures: Tex-Rock_09_Alb (AutoDXT)
[2015.01.09-08.24.00:041][  0]LogTexture:Display: Building textures: Tex-Rock_09_Nrm (BC5)
[2015.01.09-08.24.00:168][  0]LogTexture:Display: Building textures: Tex-Rock_09_S-G-AO (AutoDXT)
[2015.01.09-08.24.00:766][  0]LogStaticMesh: Building static mesh Rock_09...
[2015.01.09-08.24.00:861][  0]LogStaticMesh: Built static mesh [94.744080ms] /Game/SculptedRockPack/Meshes/Rock_09.Rock_09
[2015.01.09-08.24.00:933][  0]LogTexture:Display: Building textures: Tex-Rock_10_Nrm (BC5)
[2015.01.09-08.24.01:020][  0]LogMaterial: Missing cached shader map for material Mat-Rock_10, compiling.
[2015.01.09-08.24.01:029][  0]LogStaticMesh: Building static mesh Rock_10-A...
[2015.01.09-08.24.01:333][  0]LogStaticMesh: Built static mesh [303.453735ms] /Game/SculptedRockPack/Meshes/Rock_10-A.Rock_10-A
[2015.01.09-08.24.01:387][  0]LogStaticMesh: Building static mesh Rock_10-B...
[2015.01.09-08.24.01:704][  0]LogStaticMesh: Built static mesh [317.072540ms] /Game/SculptedRockPack/Meshes/Rock_10-B.Rock_10-B
[2015.01.09-08.24.01:758][  0]LogStaticMesh: Building static mesh Rock_10-C...
[2015.01.09-08.24.02:062][  0]LogStaticMesh: Built static mesh [304.195160ms] /Game/SculptedRockPack/Meshes/Rock_10-C.Rock_10-C
[2015.01.09-08.24.02:133][  0]LogStaticMesh: Building static mesh SM_Stair_Wooden...
[2015.01.09-08.24.02:135][  0]LogStaticMesh: Built static mesh [2.970284ms] /Game/WoodenPropPack/Meshes/SM_Stair_Wooden.SM_Stair_Wooden
[2015.01.09-08.24.02:182][  0]LogTexture:Display: Building textures: T_WoodenProps_d (AutoDXT)
[2015.01.09-08.24.02:623][  0]LogTexture:Display: Building textures: T_WoodenProps_Moss_d (AutoDXT)
[2015.01.09-08.24.02:952][  0]LogTexture:Display: Building textures: T_WoodenProps_Moss_n (BC5)
[2015.01.09-08.24.03:050][  0]LogTexture:Display: Building textures: T_WoodenProps_Moss_s (AutoDXT)
[2015.01.09-08.24.03:396][  0]LogTexture:Display: Building textures: T_WoodenProps_n (BC5)
[2015.01.09-08.24.03:481][  0]LogTexture:Display: Building textures: T_WoodenProps_s (AutoDXT)
[2015.01.09-08.24.03:618][  0]LogMaterial: Missing cached shader map for material M_WoodenProps, compiling.
[2015.01.09-08.24.03:628][  0]LogStaticMesh: Building static mesh SM_Chair_Wooden...
[2015.01.09-08.24.03:631][  0]LogStaticMesh: Built static mesh [3.604930ms] /Game/WoodenPropPack/Meshes/SM_Chair_Wooden.SM_Chair_Wooden
[2015.01.09-08.24.03:633][  0]LogStaticMesh: Building static mesh SM_Crate_Wooden_Big...
[2015.01.09-08.24.03:646][  0]LogStaticMesh: Built static mesh [12.592913ms] /Game/WoodenPropPack/Meshes/SM_Crate_Wooden_Big.SM_Crate_Wooden_Big
[2015.01.09-08.24.03:649][  0]LogStaticMesh: Building static mesh SM_Crate_Wooden_Small...
[2015.01.09-08.24.03:656][  0]LogStaticMesh: Built static mesh [6.842093ms] /Game/WoodenPropPack/Meshes/SM_Crate_Wooden_Small.SM_Crate_Wooden_Small
[2015.01.09-08.24.03:659][  0]LogStaticMesh: Building static mesh SM_Fence_Wooden...
[2015.01.09-08.24.03:663][  0]LogStaticMesh: Built static mesh [4.331957ms] /Game/WoodenPropPack/Meshes/SM_Fence_Wooden.SM_Fence_Wooden
[2015.01.09-08.24.03:664][  0]LogStaticMesh: Building static mesh SM_Ladder_Wooden...
[2015.01.09-08.24.03:666][  0]LogStaticMesh: Built static mesh [2.222434ms] /Game/WoodenPropPack/Meshes/SM_Ladder_Wooden.SM_Ladder_Wooden
[2015.01.09-08.24.03:667][  0]LogStaticMesh: Building static mesh SM_Nail_01...
[2015.01.09-08.24.03:668][  0]LogStaticMesh: Built static mesh [0.856948ms] /Game/WoodenPropPack/Meshes/SM_Nail_01.SM_Nail_01
[2015.01.09-08.24.03:669][  0]LogStaticMesh: Building static mesh SM_Pallete_Wooden...
[2015.01.09-08.24.03:673][  0]LogStaticMesh: Built static mesh [4.614381ms] /Game/WoodenPropPack/Meshes/SM_Pallete_Wooden.SM_Pallete_Wooden
[2015.01.09-08.24.03:675][  0]LogStaticMesh: Building static mesh SM_Railing_Stair_Wooden_Right...
[2015.01.09-08.24.03:676][  0]LogStaticMesh: Built static mesh [1.195387ms] /Game/WoodenPropPack/Meshes/SM_Railing_Stair_Wooden_Right.SM_Railing_Stair_Wooden_Right
[2015.01.09-08.24.03:677][  0]LogStaticMesh: Building static mesh SM_Railing_Wooden_Corner...
[2015.01.09-08.24.03:680][  0]LogStaticMesh: Built static mesh [2.511309ms] /Game/WoodenPropPack/Meshes/SM_Railing_Wooden_Corner.SM_Railing_Wooden_Corner
[2015.01.09-08.24.03:683][  0]LogStaticMesh: Building static mesh SM_Railing_Wooden_Standalone...
[2015.01.09-08.24.03:684][  0]LogStaticMesh: Built static mesh [1.489834ms] /Game/WoodenPropPack/Meshes/SM_Railing_Wooden_Standalone.SM_Railing_Wooden_Standalone
[2015.01.09-08.24.03:686][  0]LogStaticMesh: Building static mesh SM_Scaffolding_Wooden_Basic...
[2015.01.09-08.24.03:687][  0]LogStaticMesh: Built static mesh [1.168406ms] /Game/WoodenPropPack/Meshes/SM_Scaffolding_Wooden_Basic.SM_Scaffolding_Wooden_Basic
[2015.01.09-08.24.03:689][  0]LogStaticMesh: Building static mesh SM_Scaffolding_Wooden_Short...
[2015.01.09-08.24.03:691][  0]LogStaticMesh: Built static mesh [1.836485ms] /Game/WoodenPropPack/Meshes/SM_Scaffolding_Wooden_Short.SM_Scaffolding_Wooden_Short
[2015.01.09-08.24.03:693][  0]LogStaticMesh: Building static mesh SM_Scaffolding_Wooden_Tall...
[2015.01.09-08.24.03:696][  0]LogStaticMesh: Built static mesh [2.497232ms] /Game/WoodenPropPack/Meshes/SM_Scaffolding_Wooden_Tall.SM_Scaffolding_Wooden_Tall
[2015.01.09-08.24.03:699][  0]LogStaticMesh: Building static mesh SM_Support_Corner_Wooden_Tall...
[2015.01.09-08.24.03:700][  0]LogStaticMesh: Built static mesh [0.716176ms] /Game/WoodenPropPack/Meshes/SM_Support_Corner_Wooden_Tall.SM_Support_Corner_Wooden_Tall
[2015.01.09-08.24.03:701][  0]LogStaticMesh: Building static mesh SM_StorageRack_Wooden_Big...
[2015.01.09-08.24.03:735][  0]LogStaticMesh: Built static mesh [34.779713ms] /Game/WoodenPropPack/Meshes/SM_StorageRack_Wooden_Big.SM_StorageRack_Wooden_Big
[2015.01.09-08.24.03:741][  0]LogStaticMesh: Building static mesh SM_StorageRack_Wooden_Medium...
[2015.01.09-08.24.03:748][  0]LogStaticMesh: Built static mesh [7.942166ms] /Game/WoodenPropPack/Meshes/SM_StorageRack_Wooden_Medium.SM_StorageRack_Wooden_Medium
[2015.01.09-08.24.03:752][  0]LogStaticMesh: Building static mesh SM_Support_Wooden_Tall...
[2015.01.09-08.24.03:753][  0]LogStaticMesh: Built static mesh [0.723508ms] /Game/WoodenPropPack/Meshes/SM_Support_Wooden_Tall.SM_Support_Wooden_Tall
[2015.01.09-08.24.03:754][  0]LogStaticMesh: Building static mesh SM_WalkWay_Set_Wooden_01...
[2015.01.09-08.24.03:758][  0]LogStaticMesh: Built static mesh [4.645761ms] /Game/WoodenPropPack/Meshes/SM_WalkWay_Set_Wooden_01.SM_WalkWay_Set_Wooden_01
[2015.01.09-08.24.03:762][  0]LogStaticMesh: Building static mesh SM_WalkWay_Wooden_02...
[2015.01.09-08.24.03:765][  0]LogStaticMesh: Built static mesh [3.356820ms] /Game/WoodenPropPack/Meshes/SM_WalkWay_Wooden_02.SM_WalkWay_Wooden_02
[2015.01.09-08.24.03:766][  0]LogStaticMesh: Building static mesh SM_WoodBasic_Plank_03...
[2015.01.09-08.24.03:767][  0]LogStaticMesh: Built static mesh [0.761927ms] /Game/WoodenPropPack/Meshes/SM_WoodBasic_Plank_03.SM_WoodBasic_Plank_03
[2015.01.09-08.24.03:768][  0]LogStaticMesh: Building static mesh SM_Wall_Wooden_Tall_02...
[2015.01.09-08.24.03:771][  0]LogStaticMesh: Built static mesh [2.852974ms] /Game/WoodenPropPack/Meshes/SM_Wall_Wooden_Tall_02.SM_Wall_Wooden_Tall_02
[2015.01.09-08.24.03:772][  0]LogStaticMesh: Building static mesh SM_WoodBasic_Beam_01...
[2015.01.09-08.24.03:773][  0]LogStaticMesh: Built static mesh [0.840818ms] /Game/WoodenPropPack/Meshes/SM_WoodBasic_Beam_01.SM_WoodBasic_Beam_01
[2015.01.09-08.24.03:774][  0]LogStaticMesh: Building static mesh SM_WoodBasic_Beam_02...
[2015.01.09-08.24.03:774][  0]LogStaticMesh: Built static mesh [0.907685ms] /Game/WoodenPropPack/Meshes/SM_WoodBasic_Beam_02.SM_WoodBasic_Beam_02
[2015.01.09-08.24.03:775][  0]LogStaticMesh: Building static mesh SM_WoodBasic_Beam_03...
[2015.01.09-08.24.03:776][  0]LogStaticMesh: Built static mesh [0.846097ms] /Game/WoodenPropPack/Meshes/SM_WoodBasic_Beam_03.SM_WoodBasic_Beam_03
[2015.01.09-08.24.03:777][  0]LogStaticMesh: Building static mesh SM_WoodBasic_Plank_02...
[2015.01.09-08.24.03:777][  0]LogStaticMesh: Built static mesh [0.707671ms] /Game/WoodenPropPack/Meshes/SM_WoodBasic_Plank_02.SM_WoodBasic_Plank_02
[2015.01.09-08.24.03:779][  0]LogStaticMesh: Building static mesh SM_WoodBasic_Plank_04...
[2015.01.09-08.24.03:780][  0]LogStaticMesh: Built static mesh [1.085702ms] /Game/WoodenPropPack/Meshes/SM_WoodBasic_Plank_04.SM_WoodBasic_Plank_04
[2015.01.09-08.24.03:780][  0]LogStaticMesh: Building static mesh SM_WoodBasic_Plank_Crack_01...
[2015.01.09-08.24.03:781][  0]LogStaticMesh: Built static mesh [0.879237ms] /Game/WoodenPropPack/Meshes/SM_WoodBasic_Plank_Crack_01.SM_WoodBasic_Plank_Crack_01
[2015.01.09-08.24.03:782][  0]LogStaticMesh: Building static mesh SM_WoodBasic_Plank_Crack_02...
[2015.01.09-08.24.03:783][  0]LogStaticMesh: Built static mesh [0.777764ms] /Game/WoodenPropPack/Meshes/SM_WoodBasic_Plank_Crack_02.SM_WoodBasic_Plank_Crack_02
[2015.01.09-08.24.03:828][  0]LogTexture:Display: Building textures: HQ_Lightmap0_1 (AutoDXT)
[2015.01.09-08.24.03:933][  0]LogTexture:Display: Building textures: HQ_Lightmap0_12 (AutoDXT)
[2015.01.09-08.24.03:973][  0]LogTexture:Display: Building textures: HQ_Lightmap0_13 (AutoDXT)
[2015.01.09-08.24.04:005][  0]LogTexture:Display: Building textures: HQ_Lightmap0_14 (AutoDXT)
[2015.01.09-08.24.04:045][  0]LogTexture:Display: Building textures: HQ_Lightmap0_15 (AutoDXT)
[2015.01.09-08.24.04:061][  0]LogTexture:Display: Building textures: HQ_Lightmap0_16 (AutoDXT)
[2015.01.09-08.24.04:088][  0]LogTexture:Display: Building textures: HQ_Lightmap0_17 (AutoDXT)
[2015.01.09-08.24.04:107][  0]LogTexture:Display: Building textures: HQ_Lightmap0_18 (AutoDXT)
[2015.01.09-08.24.04:136][  0]LogTexture:Display: Building textures: HQ_Lightmap0_19 (AutoDXT)
[2015.01.09-08.24.04:150][  0]LogTexture:Display: Building textures: HQ_Lightmap0_20 (AutoDXT)
[2015.01.09-08.24.04:179][  0]LogTexture:Display: Building textures: HQ_Lightmap0_21 (AutoDXT)
[2015.01.09-08.24.04:208][  0]LogTexture:Display: Building textures: HQ_Lightmap0_22 (AutoDXT)
[2015.01.09-08.24.04:244][  0]LogTexture:Display: Building textures: HQ_Lightmap0_23 (AutoDXT)
[2015.01.09-08.24.04:311][  0]LogTexture:Display: Building textures: HQ_Lightmap0_24 (AutoDXT)
[2015.01.09-08.24.04:340][  0]LogTexture:Display: Building textures: HQ_Lightmap0_25 (AutoDXT)
[2015.01.09-08.24.04:355][  0]LogTexture:Display: Building textures: HQ_Lightmap0_26 (AutoDXT)
[2015.01.09-08.24.04:384][  0]LogTexture:Display: Building textures: HQ_Lightmap0_27 (AutoDXT)
[2015.01.09-08.24.04:409][  0]LogTexture:Display: Building textures: HQ_Lightmap0_28 (AutoDXT)
[2015.01.09-08.24.04:424][  0]LogTexture:Display: Building textures: HQ_Lightmap0_29 (AutoDXT)
[2015.01.09-08.24.04:441][  0]LogTexture:Display: Building textures: HQ_Lightmap0_30 (AutoDXT)
[2015.01.09-08.24.04:458][  0]LogTexture:Display: Building textures: HQ_Lightmap0_31 (AutoDXT)
[2015.01.09-08.24.04:482][  0]LogTexture:Display: Building textures: HQ_Lightmap0_32 (AutoDXT)
[2015.01.09-08.24.04:511][  0]LogTexture:Display: Building textures: HQ_Lightmap0_33 (AutoDXT)
[2015.01.09-08.24.04:546][  0]LogTexture:Display: Building textures: HQ_Lightmap0_34 (AutoDXT)
[2015.01.09-08.24.04:649][  0]LogTexture:Display: Building textures: HQ_Lightmap0_35 (AutoDXT)
[2015.01.09-08.24.04:680][  0]LogTexture:Display: Building textures: HQ_Lightmap0_36 (AutoDXT)
[2015.01.09-08.24.04:747][  0]LogTexture:Display: Building textures: HQ_Lightmap0_37 (AutoDXT)
[2015.01.09-08.24.05:029][  0]LogTexture:Display: Building textures: HQ_Lightmap0_5 (AutoDXT)
[2015.01.09-08.24.05:143][  0]LogTexture:Display: Building textures: HQ_Lightmap1_10 (AutoDXT)
[2015.01.09-08.24.05:185][  0]LogTexture:Display: Building textures: HQ_Lightmap1_11 (AutoDXT)
[2015.01.09-08.24.05:239][  0]LogTexture:Display: Building textures: HQ_Lightmap1_2 (AutoDXT)
[2015.01.09-08.24.05:308][  0]LogTexture:Display: Building textures: HQ_Lightmap1_3 (AutoDXT)
[2015.01.09-08.24.05:395][  0]LogTexture:Display: Building textures: HQ_Lightmap1_4 (AutoDXT)
[2015.01.09-08.24.05:516][  0]LogTexture:Display: Building textures: HQ_Lightmap1_6 (AutoDXT)
[2015.01.09-08.24.05:655][  0]LogTexture:Display: Building textures: HQ_Lightmap1_7 (AutoDXT)
[2015.01.09-08.24.05:875][  0]LogTexture:Display: Building textures: HQ_Lightmap1_8 (AutoDXT)
[2015.01.09-08.24.05:974][  0]LogTexture:Display: Building textures: HQ_Lightmap1_9 (AutoDXT)
[2015.01.09-08.24.06:075][  0]LogTexture:Display: Building textures: LQ_Lightmap_0_1 (DXT1)
[2015.01.09-08.24.06:133][  0]LogTexture:Display: Building textures: LQ_Lightmap_0_12 (DXT1)
[2015.01.09-08.24.06:158][  0]LogTexture:Display: Building textures: LQ_Lightmap_0_13 (DXT1)
[2015.01.09-08.24.06:170][  0]LogTexture:Display: Building textures: LQ_Lightmap_0_14 (DXT1)
[2015.01.09-08.24.06:186][  0]LogTexture:Display: Building textures: LQ_Lightmap_0_15 (DXT1)
[2015.01.09-08.24.06:192][  0]LogTexture:Display: Building textures: LQ_Lightmap_0_16 (DXT1)
[2015.01.09-08.24.06:204][  0]LogTexture:Display: Building textures: LQ_Lightmap_0_17 (DXT1)
[2015.01.09-08.24.06:211][  0]LogTexture:Display: Building textures: LQ_Lightmap_0_18 (DXT1)
[2015.01.09-08.24.06:223][  0]LogTexture:Display: Building textures: LQ_Lightmap_0_19 (DXT1)
[2015.01.09-08.24.06:231][  0]LogTexture:Display: Building textures: LQ_Lightmap_0_20 (DXT1)
[2015.01.09-08.24.06:243][  0]LogTexture:Display: Building textures: LQ_Lightmap_0_21 (DXT1)
[2015.01.09-08.24.06:256][  0]LogTexture:Display: Building textures: LQ_Lightmap_0_22 (DXT1)
[2015.01.09-08.24.06:278][  0]LogTexture:Display: Building textures: LQ_Lightmap_0_23 (DXT1)
[2015.01.09-08.24.06:314][  0]LogTexture:Display: Building textures: LQ_Lightmap_0_24 (DXT1)
[2015.01.09-08.24.06:340][  0]LogTexture:Display: Building textures: LQ_Lightmap_0_25 (DXT1)
[2015.01.09-08.24.06:349][  0]LogTexture:Display: Building textures: LQ_Lightmap_0_26 (DXT1)
[2015.01.09-08.24.06:362][  0]LogTexture:Display: Building textures: LQ_Lightmap_0_27 (DXT1)
[2015.01.09-08.24.06:375][  0]LogTexture:Display: Building textures: LQ_Lightmap_0_28 (DXT1)
[2015.01.09-08.24.06:383][  0]LogTexture:Display: Building textures: LQ_Lightmap_0_29 (DXT1)
[2015.01.09-08.24.06:390][  0]LogTexture:Display: Building textures: LQ_Lightmap_0_30 (DXT1)
[2015.01.09-08.24.06:397][  0]LogTexture:Display: Building textures: LQ_Lightmap_0_31 (DXT1)
[2015.01.09-08.24.06:408][  0]LogTexture:Display: Building textures: LQ_Lightmap_0_32 (DXT1)
[2015.01.09-08.24.06:424][  0]LogTexture:Display: Building textures: LQ_Lightmap_0_33 (DXT1)
[2015.01.09-08.24.06:441][  0]LogTexture:Display: Building textures: LQ_Lightmap_0_34 (DXT1)
[2015.01.09-08.24.06:491][  0]LogTexture:Display: Building textures: LQ_Lightmap_0_35 (DXT1)
[2015.01.09-08.24.06:506][  0]LogTexture:Display: Building textures: LQ_Lightmap_0_36 (DXT1)
[2015.01.09-08.24.06:551][  0]LogTexture:Display: Building textures: LQ_Lightmap_0_37 (DXT1)
[2015.01.09-08.24.06:711][  0]LogTexture:Display: Building textures: LQ_Lightmap_0_5 (DXT1)
[2015.01.09-08.24.06:764][  0]LogTexture:Display: Building textures: LQ_Lightmap_1_10 (DXT1)
[2015.01.09-08.24.06:780][  0]LogTexture:Display: Building textures: LQ_Lightmap_1_11 (DXT1)
[2015.01.09-08.24.06:821][  0]LogTexture:Display: Building textures: LQ_Lightmap_1_2 (DXT1)
[2015.01.09-08.24.06:878][  0]LogTexture:Display: Building textures: LQ_Lightmap_1_3 (DXT1)
[2015.01.09-08.24.06:935][  0]LogTexture:Display: Building textures: LQ_Lightmap_1_4 (DXT1)
[2015.01.09-08.24.06:986][  0]LogTexture:Display: Building textures: LQ_Lightmap_1_6 (DXT1)
[2015.01.09-08.24.07:063][  0]LogTexture:Display: Building textures: LQ_Lightmap_1_7 (DXT1)
[2015.01.09-08.24.07:145][  0]LogTexture:Display: Building textures: LQ_Lightmap_1_8 (DXT1)
[2015.01.09-08.24.07:213][  0]LogTexture:Display: Building textures: LQ_Lightmap_1_9 (DXT1)
[2015.01.09-08.24.07:283][  0]LogTexture:Display: Building textures: SkyOcclusion0_1 (AutoDXT)
[2015.01.09-08.24.07:338][  0]LogTexture:Display: Building textures: SkyOcclusion0_10 (AutoDXT)
[2015.01.09-08.24.07:353][  0]LogTexture:Display: Building textures: SkyOcclusion0_11 (AutoDXT)
[2015.01.09-08.24.07:377][  0]LogTexture:Display: Building textures: SkyOcclusion0_12 (AutoDXT)
[2015.01.09-08.24.07:395][  0]LogTexture:Display: Building textures: SkyOcclusion0_13 (AutoDXT)
[2015.01.09-08.24.07:408][  0]LogTexture:Display: Building textures: SkyOcclusion0_14 (AutoDXT)
[2015.01.09-08.24.07:423][  0]LogTexture:Display: Building textures: SkyOcclusion0_15 (AutoDXT)
[2015.01.09-08.24.07:430][  0]LogTexture:Display: Building textures: SkyOcclusion0_16 (AutoDXT)
[2015.01.09-08.24.07:440][  0]LogTexture:Display: Building textures: SkyOcclusion0_17 (AutoDXT)
[2015.01.09-08.24.07:446][  0]LogTexture:Display: Building textures: SkyOcclusion0_18 (AutoDXT)
[2015.01.09-08.24.07:459][  0]LogTexture:Display: Building textures: SkyOcclusion0_19 (AutoDXT)
[2015.01.09-08.24.07:470][  0]LogTexture:Display: Building textures: SkyOcclusion0_2 (AutoDXT)
[2015.01.09-08.24.07:512][  0]LogTexture:Display: Building textures: SkyOcclusion0_20 (AutoDXT)
[2015.01.09-08.24.07:526][  0]LogTexture:Display: Building textures: SkyOcclusion0_21 (AutoDXT)
[2015.01.09-08.24.07:542][  0]LogTexture:Display: Building textures: SkyOcclusion0_22 (AutoDXT)
[2015.01.09-08.24.07:562][  0]LogTexture:Display: Building textures: SkyOcclusion0_23 (AutoDXT)
[2015.01.09-08.24.07:586][  0]LogTexture:Display: Building textures: SkyOcclusion0_24 (AutoDXT)
[2015.01.09-08.24.07:601][  0]LogTexture:Display: Building textures: SkyOcclusion0_25 (AutoDXT)
[2015.01.09-08.24.07:609][  0]LogTexture:Display: Building textures: SkyOcclusion0_26 (AutoDXT)
[2015.01.09-08.24.07:625][  0]LogTexture:Display: Building textures: SkyOcclusion0_27 (AutoDXT)
[2015.01.09-08.24.07:653][  0]LogTexture:Display: Building textures: SkyOcclusion0_28 (AutoDXT)
[2015.01.09-08.24.07:661][  0]LogTexture:Display: Building textures: SkyOcclusion0_29 (AutoDXT)
[2015.01.09-08.24.07:673][  0]LogTexture:Display: Building textures: SkyOcclusion0_3 (AutoDXT)
[2015.01.09-08.24.07:700][  0]LogTexture:Display: Building textures: SkyOcclusion0_30 (AutoDXT)
[2015.01.09-08.24.07:707][  0]LogTexture:Display: Building textures: SkyOcclusion0_31 (AutoDXT)
[2015.01.09-08.24.07:718][  0]LogTexture:Display: Building textures: SkyOcclusion0_32 (AutoDXT)
[2015.01.09-08.24.07:737][  0]LogTexture:Display: Building textures: SkyOcclusion0_33 (AutoDXT)
[2015.01.09-08.24.07:754][  0]LogTexture:Display: Building textures: SkyOcclusion0_34 (AutoDXT)
[2015.01.09-08.24.07:796][  0]LogTexture:Display: Building textures: SkyOcclusion0_35 (AutoDXT)
[2015.01.09-08.24.07:817][  0]LogTexture:Display: Building textures: SkyOcclusion0_36 (AutoDXT)
[2015.01.09-08.24.07:844][  0]LogTexture:Display: Building textures: SkyOcclusion0_37 (AutoDXT)
[2015.01.09-08.24.07:966][  0]LogTexture:Display: Building textures: SkyOcclusion0_4 (AutoDXT)
[2015.01.09-08.24.08:006][  0]LogTexture:Display: Building textures: SkyOcclusion0_5 (AutoDXT)
[2015.01.09-08.24.08:051][  0]LogTexture:Display: Building textures: SkyOcclusion0_6 (AutoDXT)
[2015.01.09-08.24.08:111][  0]LogTexture:Display: Building textures: SkyOcclusion0_7 (AutoDXT)
[2015.01.09-08.24.08:184][  0]LogTexture:Display: Building textures: SkyOcclusion0_8 (AutoDXT)
[2015.01.09-08.24.08:220][  0]LogTexture:Display: Building textures: SkyOcclusion0_9 (AutoDXT)
[2015.01.09-08.24.08:399][  0]LogEditorServer: Finished looking for orphan Actors (0.000 secs)
[2015.01.09-08.24.08:400][  0]LogAIModule: Creating AISystem for world Example_Map
[2015.01.09-08.24.08:407][  0]Cmd: MAP CHECKDEP
[2015.01.09-08.24.08:407][  0]MapCheck: New page: Example_Map - 9 Jan 2015 08:24:08
[2015.01.09-08.24.08:821][  0]MapCheck: Info Map check complete: 0 Error(s), 0 Warning(s), took 414.025ms to complete.
[2015.01.09-08.24.08:821][  0]LogFileHelpers: Loading map 'Example_Map' took 58.761
[2015.01.09-08.24.08:988][  0]LogCollectionManager: Loaded 0 collections in 0.001491 seconds
[2015.01.09-08.24.09:039][  0]LogCrashTracker: Crashtracker disabled due to settings.
[2015.01.09-08.24.09:076][  0]LogLoad: Full Startup: 81.27 seconds (BP compile: 0.07 seconds)
[2015.01.09-08.24.09:422][  0]LogContentBrowser:Verbose: The content browser source was changed by the sources view to '/Game/SculptedRockPack/Meshes'
[2015.01.09-08.24.09:659][  0]LogPackageName: SearchForPackageOnDisk took   0.171s to resolve LevelEditor.TutorialLaunchButton
[2015.01.09-08.24.09:659][  0]LogUObjectGlobals:Warning: LoadPackage can't find package LevelEditor.TutorialLaunchButton.
[2015.01.09-08.24.09:863][  0]LogPackageName: SearchForPackageOnDisk took   0.204s to resolve 
[2015.01.09-08.24.09:863][  0]LogUObjectGlobals:Warning: LoadPackage can't find package .
[2015.01.09-08.24.10:041][  1]LogRenderer:Warning: Reallocating scene render targets to support 128x128.
[2015.01.09-08.24.10:123][  2]LogRenderer:Warning: Reallocating scene render targets to support 256x256.
[2015.01.09-08.24.10:959][  4]LogAssetRegistry: Asset discovery search completed in 64.6282 seconds
[2015.01.09-08.24.14:820][234]LogPackageName: SearchForPackageOnDisk took   0.193s to resolve LevelEditor.TutorialLaunchButton
[2015.01.09-08.24.14:820][234]LogUObjectGlobals:Warning: LoadPackage can't find package LevelEditor.TutorialLaunchButton.
[2015.01.09-08.24.15:036][234]LogPackageName: SearchForPackageOnDisk took   0.216s to resolve 
[2015.01.09-08.24.15:036][234]LogUObjectGlobals:Warning: LoadPackage can't find package .
[2015.01.09-08.24.15:080][234]LogRenderer:Warning: Reallocating scene render targets to support 1224x440.
[2015.01.09-08.24.15:109][234]LogRenderer:Warning: Reallocating scene render targets to support 1224x608.
[2015.01.09-08.24.46:499][293]LogPackageName: SearchForPackageOnDisk took   0.180s to resolve LevelEditor.TutorialLaunchButton
[2015.01.09-08.24.46:523][293]LogUObjectGlobals:Warning: LoadPackage can't find package LevelEditor.TutorialLaunchButton.
[2015.01.09-08.24.46:713][293]LogPackageName: SearchForPackageOnDisk took   0.190s to resolve 
[2015.01.09-08.24.46:713][293]LogUObjectGlobals:Warning: LoadPackage can't find package .
[2015.01.09-08.24.55:024][456]Cmd: OBJ SAVEPACKAGE PACKAGE="/Game/Maps/Assignment2" FILE="F:/Assignment2/Content/Maps/Assignment2.umap" SILENT=true AUTOSAVING=false KEEPDIRTY=false
[2015.01.09-08.27.59:608][456]LogSavePackage: Save=184515.062500ms
[2015.01.09-08.27.59:609][456]LogSavePackage: Moving 'F:/Assignment2/Saved/Assignment2A485F02540FD6C20D138C2BF880708C7.tmp' to 'F:/Assignment2/Content/Maps/Assignment2.umap'
[2015.01.09-08.27.59:862][456]LogFileHelpers: Saving map 'Assignment2' took 185.204
[2015.01.09-08.28.12:791][750]LogPackageName: SearchForPackageOnDisk took   0.165s to resolve LevelEditor.TutorialLaunchButton
[2015.01.09-08.28.12:791][750]LogUObjectGlobals:Warning: LoadPackage can't find package LevelEditor.TutorialLaunchButton.
[2015.01.09-08.28.12:999][750]LogPackageName: SearchForPackageOnDisk took   0.208s to resolve 
[2015.01.09-08.28.12:999][750]LogUObjectGlobals:Warning: LoadPackage can't find package .
[2015.01.09-08.28.15:827][885]LogPackageName: SearchForPackageOnDisk took   0.150s to resolve LevelEditor.TutorialLaunchButton
[2015.01.09-08.28.15:827][885]LogUObjectGlobals:Warning: LoadPackage can't find package LevelEditor.TutorialLaunchButton.
[2015.01.09-08.28.16:004][885]LogPackageName: SearchForPackageOnDisk took   0.177s to resolve 
[2015.01.09-08.28.16:004][885]LogUObjectGlobals:Warning: LoadPackage can't find package .
[2015.01.09-08.28.21:306][109]LogPackageName: SearchForPackageOnDisk took   0.156s to resolve LevelEditor.TutorialLaunchButton
[2015.01.09-08.28.21:306][109]LogUObjectGlobals:Warning: LoadPackage can't find package LevelEditor.TutorialLaunchButton.
[2015.01.09-08.28.21:488][109]LogPackageName: SearchForPackageOnDisk took   0.182s to resolve 
[2015.01.09-08.28.21:488][109]LogUObjectGlobals:Warning: LoadPackage can't find package .
[2015.01.09-08.28.27:971][398]LogPackageName: SearchForPackageOnDisk took   0.159s to resolve LevelEditor.TutorialLaunchButton
[2015.01.09-08.28.27:972][398]LogUObjectGlobals:Warning: LoadPackage can't find package LevelEditor.TutorialLaunchButton.
[2015.01.09-08.28.28:148][398]LogPackageName: SearchForPackageOnDisk took   0.176s to resolve 
[2015.01.09-08.28.28:148][398]LogUObjectGlobals:Warning: LoadPackage can't find package .
[2015.01.09-08.28.38:812][922]LogRenderer:Warning: Reallocating scene render targets to support 1560x672.
[2015.01.09-08.28.38:924][923]LogRenderer:Warning: Reallocating scene render targets to support 1912x856.
[2015.01.09-08.29.03:314][625]MapCheck: New page: Map Check
[2015.01.09-08.29.03:345][625]Cmd: MAP REBUILD ALLVISIBLE
[2015.01.09-08.29.03:345][625]LogEditorServer: Rebuildmap Clear paths rebuilt
[2015.01.09-08.29.03:384][625]LogInstancedFoliage: Map Rebuilt - Update all BSP painted foliage!
[2015.01.09-08.29.03:470][625]LightingResults: New page: Lighting Build - 9 Jan 2015 08:29:03
[2015.01.09-08.29.08:692][625]LogStaticLightingSystem:Warning: No importance volume found, so the scene bounding box was used.  You can optimize your scene's quality and lighting build times by adding importance volumes.
[2015.01.09-08.29.08:696][625]LogStaticLightingSystem: Running Lightmass w/ ImmediateImport mode ENABLED
[2015.01.09-08.29.08:696][625]LogStaticLightingSystem: Running Lightmass w/ ImmediateProcess mode ENABLED
[2015.01.09-08.29.08:696][625]LogStaticLightingSystem: Running Lightmass w/ Sorting mode ENABLED
[2015.01.09-08.29.08:696][625]LogStaticLightingSystem: Running Lightmass w/ Mapping paddings ENABLED
[2015.01.09-08.29.08:696][625]LogStaticLightingSystem: Running Lightmass w/ Mapping debug paddings DISABLED
[2015.01.09-08.29.10:256][625]LogEditorBuildUtils: Build time 0:00:06
[2015.01.09-08.29.10:264][625]LogMaterial: Missing cached shader map for material FLightmassMaterialRenderer MaterialInstanceDynamic_46, compiling.
[2015.01.09-08.29.10:284][625]LogMaterial: Missing cached shader map for material FLightmassMaterialRenderer MaterialInstanceDynamic_46, compiling.
[2015.01.09-08.29.10:361][626]LogMaterial: Missing cached shader map for material FLightmassMaterialRenderer Inst-Rock_02, compiling.
[2015.01.09-08.29.10:364][626]LogMaterial: Missing cached shader map for material FLightmassMaterialRenderer Inst-Rock_02, compiling.
[2015.01.09-08.29.10:365][626]LogMaterial: Missing cached shader map for material FLightmassMaterialRenderer M_WoodenProps, compiling.
[2015.01.09-08.29.10:367][626]LogMaterial: Missing cached shader map for material FLightmassMaterialRenderer M_WoodenProps, compiling.
[2015.01.09-08.29.10:369][626]LogMaterial: Missing cached shader map for material FLightmassMaterialRenderer Mat-Rock_10, compiling.
[2015.01.09-08.29.10:371][626]LogMaterial: Missing cached shader map for material FLightmassMaterialRenderer Mat-Rock_10, compiling.
[2015.01.09-08.29.10:672][627]LogMaterial: Incomplete cached shader map for material FLightmassMaterialRenderer Inst-Rock_01, compiling.
[2015.01.09-08.29.10:674][627]LogMaterial: Incomplete cached shader map for material FLightmassMaterialRenderer Inst-Rock_01, compiling.
[2015.01.09-08.29.10:676][627]LogMaterial: Incomplete cached shader map for material FLightmassMaterialRenderer Inst-Rock_08, compiling.
[2015.01.09-08.29.10:678][627]LogMaterial: Incomplete cached shader map for material FLightmassMaterialRenderer Inst-Rock_08, compiling.
[2015.01.09-08.29.10:679][627]LogMaterial: Incomplete cached shader map for material FLightmassMaterialRenderer Inst-Rock_05, compiling.
[2015.01.09-08.29.10:681][627]LogMaterial: Incomplete cached shader map for material FLightmassMaterialRenderer Inst-Rock_05, compiling.
[2015.01.09-08.29.11:005][628]LogMaterial: Incomplete cached shader map for material FLightmassMaterialRenderer Inst-Rock_04, compiling.
[2015.01.09-08.29.11:007][628]LogMaterial: Incomplete cached shader map for material FLightmassMaterialRenderer Inst-Rock_04, compiling.
[2015.01.09-08.29.11:009][628]LogMaterial: Incomplete cached shader map for material FLightmassMaterialRenderer Inst-Rock_06, compiling.
[2015.01.09-08.29.11:012][628]LogMaterial: Incomplete cached shader map for material FLightmassMaterialRenderer Inst-Rock_06, compiling.
[2015.01.09-08.29.11:015][628]LogMaterial: Incomplete cached shader map for material FLightmassMaterialRenderer Inst-Rock_09, compiling.
[2015.01.09-08.29.11:018][628]LogMaterial: Incomplete cached shader map for material FLightmassMaterialRenderer Inst-Rock_09, compiling.
[2015.01.09-08.29.11:339][629]LogMaterial: Incomplete cached shader map for material FLightmassMaterialRenderer Inst-Rock_07, compiling.
[2015.01.09-08.29.11:342][629]LogMaterial: Incomplete cached shader map for material FLightmassMaterialRenderer Inst-Rock_07, compiling.
[2015.01.09-08.29.11:343][629]LogMaterial: Incomplete cached shader map for material FLightmassMaterialRenderer Inst-Rock_03, compiling.
[2015.01.09-08.29.11:345][629]LogMaterial: Incomplete cached shader map for material FLightmassMaterialRenderer Inst-Rock_03, compiling.
[2015.01.09-08.29.11:347][629]LogMaterial: Missing cached shader map for material FLightmassMaterialRenderer WorldGridMaterial, compiling.
[2015.01.09-08.29.11:349][629]LogMaterial: Missing cached shader map for material FLightmassMaterialRenderer WorldGridMaterial, compiling.
[2015.01.09-08.29.11:673][630]LogMaterial: Missing cached shader map for material FLightmassMaterialRenderer M_Water_Lake, compiling.
[2015.01.09-08.29.11:676][630]LogMaterial: Missing cached shader map for material FLightmassMaterialRenderer M_Water_Lake, compiling.
[2015.01.09-08.29.11:679][630]LogMaterial: Missing cached shader map for material FLightmassMaterialRenderer Ground_DirtBrownTan_2k_Mat, compiling.
[2015.01.09-08.29.11:682][630]LogMaterial: Missing cached shader map for material FLightmassMaterialRenderer Ground_DirtBrownTan_2k_Mat, compiling.
[2015.01.09-08.29.12:006][631]LogMaterial: Missing cached shader map for material FLightmassMaterialRenderer Rock_JaggedCaveWall, compiling.
[2015.01.09-08.29.12:010][631]LogMaterial: Missing cached shader map for material FLightmassMaterialRenderer Rock_JaggedCaveWall, compiling.
[2015.01.09-08.29.12:014][631]LogMaterial: Missing cached shader map for material FLightmassMaterialRenderer Ground_Dirt_2k_Mat, compiling.
[2015.01.09-08.29.12:016][631]LogMaterial: Missing cached shader map for material FLightmassMaterialRenderer Ground_Dirt_2k_Mat, compiling.
[2015.01.09-08.29.12:340][632]LogMaterial: Missing cached shader map for material FLightmassMaterialRenderer Rock_HoleyWall, compiling.
[2015.01.09-08.29.12:342][632]LogMaterial: Missing cached shader map for material FLightmassMaterialRenderer Rock_HoleyWall, compiling.
[2015.01.09-08.29.12:343][632]LogMaterial: Missing cached shader map for material FLightmassMaterialRenderer Ground_DirtBrownTan_2k_alb_Mat, compiling.
[2015.01.09-08.29.12:345][632]LogMaterial: Missing cached shader map for material FLightmassMaterialRenderer Ground_DirtBrownTan_2k_alb_Mat, compiling.
[2015.01.09-08.29.12:347][632]LogMaterial: Missing cached shader map for material FLightmassMaterialRenderer Black, compiling.
[2015.01.09-08.29.12:348][632]LogMaterial: Missing cached shader map for material FLightmassMaterialRenderer Black, compiling.
[2015.01.09-08.29.20:033][777]LogEditorViewport: Clicking on Actor (LMB): StaticMeshActor (Rock_73)
[2015.01.09-08.31.31:323][571]Job is a success!
[2015.01.09-08.31.34:114][572]LogTexture:Display: Building textures: SkyOcclusion0_1 (AutoDXT)
[2015.01.09-08.31.34:171][572]LogTexture:Display: Building textures: LQ_Lightmap_1_37 (DXT1)
[2015.01.09-08.31.34:275][572]LogTexture:Display: Building textures: HQ_Lightmap1_37 (AutoDXT)
[2015.01.09-08.31.34:495][572]LogTexture:Display: Building textures: SkyOcclusion1_37 (AutoDXT)
[2015.01.09-08.31.34:594][572]LogTexture:Display: Building textures: LQ_Lightmap_1_36 (DXT1)
[2015.01.09-08.31.34:600][572]LogTexture:Display: Building textures: HQ_Lightmap1_36 (AutoDXT)
[2015.01.09-08.31.34:613][572]LogTexture:Display: Building textures: SkyOcclusion1_36 (AutoDXT)
[2015.01.09-08.31.34:619][572]LogTexture:Display: Building textures: LQ_Lightmap_1_35 (DXT1)
[2015.01.09-08.31.34:631][572]LogTexture:Display: Building textures: HQ_Lightmap1_35 (AutoDXT)
[2015.01.09-08.31.34:649][572]LogTexture:Display: Building textures: SkyOcclusion1_35 (AutoDXT)
[2015.01.09-08.31.34:662][572]LogTexture:Display: Building textures: LQ_Lightmap_1_34 (DXT1)
[2015.01.09-08.31.34:695][572]LogTexture:Display: Building textures: HQ_Lightmap1_34 (AutoDXT)
[2015.01.09-08.31.34:767][572]LogTexture:Display: Building textures: SkyOcclusion1_34 (AutoDXT)
[2015.01.09-08.31.34:802][572]LogTexture:Display: Building textures: LQ_Lightmap_1_33 (DXT1)
[2015.01.09-08.31.34:811][572]LogTexture:Display: Building textures: HQ_Lightmap1_33 (AutoDXT)
[2015.01.09-08.31.34:837][572]LogTexture:Display: Building textures: SkyOcclusion1_33 (AutoDXT)
[2015.01.09-08.31.34:849][572]LogTexture:Display: Building textures: LQ_Lightmap_1_32 (DXT1)
[2015.01.09-08.31.34:861][572]LogTexture:Display: Building textures: HQ_Lightmap1_32 (AutoDXT)
[2015.01.09-08.31.34:884][572]LogTexture:Display: Building textures: SkyOcclusion1_32 (AutoDXT)
[2015.01.09-08.31.34:901][572]LogTexture:Display: Building textures: LQ_Lightmap_1_31 (DXT1)
[2015.01.09-08.31.34:909][572]LogTexture:Display: Building textures: HQ_Lightmap1_31 (AutoDXT)
[2015.01.09-08.31.34:927][572]LogTexture:Display: Building textures: SkyOcclusion1_31 (AutoDXT)
[2015.01.09-08.31.34:937][572]LogTexture:Display: Building textures: LQ_Lightmap_1_30 (DXT1)
[2015.01.09-08.31.34:941][572]LogTexture:Display: Building textures: HQ_Lightmap1_30 (AutoDXT)
[2015.01.09-08.31.34:950][572]LogTexture:Display: Building textures: SkyOcclusion1_30 (AutoDXT)
[2015.01.09-08.31.34:956][572]LogTexture:Display: Building textures: LQ_Lightmap_1_29 (DXT1)
[2015.01.09-08.31.34:962][572]LogTexture:Display: Building textures: HQ_Lightmap1_29 (AutoDXT)
[2015.01.09-08.31.34:973][572]LogTexture:Display: Building textures: SkyOcclusion1_29 (AutoDXT)
[2015.01.09-08.31.34:980][572]LogTexture:Display: Building textures: LQ_Lightmap_1_28 (DXT1)
[2015.01.09-08.31.34:986][572]LogTexture:Display: Building textures: HQ_Lightmap1_28 (AutoDXT)
[2015.01.09-08.31.35:001][572]LogTexture:Display: Building textures: SkyOcclusion1_28 (AutoDXT)
[2015.01.09-08.31.35:009][572]LogTexture:Display: Building textures: LQ_Lightmap_1_27 (DXT1)
[2015.01.09-08.31.35:020][572]LogTexture:Display: Building textures: HQ_Lightmap1_27 (AutoDXT)
[2015.01.09-08.31.35:040][572]LogTexture:Display: Building textures: SkyOcclusion1_27 (AutoDXT)
[2015.01.09-08.31.35:053][572]LogTexture:Display: Building textures: LQ_Lightmap_1_26 (DXT1)
[2015.01.09-08.31.35:065][572]LogTexture:Display: Building textures: HQ_Lightmap1_26 (AutoDXT)
[2015.01.09-08.31.35:086][572]LogTexture:Display: Building textures: SkyOcclusion1_26 (AutoDXT)
[2015.01.09-08.31.35:101][572]LogTexture:Display: Building textures: LQ_Lightmap_1_25 (DXT1)
[2015.01.09-08.31.35:106][572]LogTexture:Display: Building textures: HQ_Lightmap1_25 (AutoDXT)
[2015.01.09-08.31.35:117][572]LogTexture:Display: Building textures: SkyOcclusion1_25 (AutoDXT)
[2015.01.09-08.31.35:125][572]LogTexture:Display: Building textures: LQ_Lightmap_1_24 (DXT1)
[2015.01.09-08.31.35:137][572]LogTexture:Display: Building textures: HQ_Lightmap1_24 (AutoDXT)
[2015.01.09-08.31.35:161][572]LogTexture:Display: Building textures: SkyOcclusion1_24 (AutoDXT)
[2015.01.09-08.31.35:183][572]LogTexture:Display: Building textures: LQ_Lightmap_1_23 (DXT1)
[2015.01.09-08.31.35:210][572]LogTexture:Display: Building textures: HQ_Lightmap1_23 (AutoDXT)
[2015.01.09-08.31.35:255][572]LogTexture:Display: Building textures: SkyOcclusion1_23 (AutoDXT)
[2015.01.09-08.31.35:278][572]LogTexture:Display: Building textures: LQ_Lightmap_1_22 (DXT1)
[2015.01.09-08.31.35:291][572]LogTexture:Display: Building textures: HQ_Lightmap1_22 (AutoDXT)
[2015.01.09-08.31.35:318][572]LogTexture:Display: Building textures: SkyOcclusion1_22 (AutoDXT)
[2015.01.09-08.31.35:334][572]LogTexture:Display: Building textures: LQ_Lightmap_1_21 (DXT1)
[2015.01.09-08.31.35:346][572]LogTexture:Display: Building textures: HQ_Lightmap1_21 (AutoDXT)
[2015.01.09-08.31.35:369][572]LogTexture:Display: Building textures: SkyOcclusion1_21 (AutoDXT)
[2015.01.09-08.31.35:387][572]LogTexture:Display: Building textures: LQ_Lightmap_1_20 (DXT1)
[2015.01.09-08.31.35:403][572]LogTexture:Display: Building textures: HQ_Lightmap1_20 (AutoDXT)
[2015.01.09-08.31.35:425][572]LogTexture:Display: Building textures: SkyOcclusion1_20 (AutoDXT)
[2015.01.09-08.31.35:436][572]LogTexture:Display: Building textures: LQ_Lightmap_1_19 (DXT1)
[2015.01.09-08.31.35:441][572]LogTexture:Display: Building textures: HQ_Lightmap1_19 (AutoDXT)
[2015.01.09-08.31.35:451][572]LogTexture:Display: Building textures: SkyOcclusion1_19 (AutoDXT)
[2015.01.09-08.31.35:458][572]LogTexture:Display: Building textures: LQ_Lightmap_1_18 (DXT1)
[2015.01.09-08.31.35:467][572]LogTexture:Display: Building textures: HQ_Lightmap1_18 (AutoDXT)
[2015.01.09-08.31.35:485][572]LogTexture:Display: Building textures: SkyOcclusion1_18 (AutoDXT)
[2015.01.09-08.31.35:496][572]LogTexture:Display: Building textures: LQ_Lightmap_1_17 (DXT1)
[2015.01.09-08.31.35:501][572]LogTexture:Display: Building textures: HQ_Lightmap1_17 (AutoDXT)
[2015.01.09-08.31.35:517][572]LogTexture:Display: Building textures: SkyOcclusion1_17 (AutoDXT)
[2015.01.09-08.31.35:524][572]LogTexture:Display: Building textures: LQ_Lightmap_1_16 (DXT1)
[2015.01.09-08.31.35:534][572]LogTexture:Display: Building textures: HQ_Lightmap1_16 (AutoDXT)
[2015.01.09-08.31.35:554][572]LogTexture:Display: Building textures: SkyOcclusion1_16 (AutoDXT)
[2015.01.09-08.31.35:562][572]LogTexture:Display: Building textures: LQ_Lightmap_1_15 (DXT1)
[2015.01.09-08.31.35:567][572]LogTexture:Display: Building textures: HQ_Lightmap1_15 (AutoDXT)
[2015.01.09-08.31.35:580][572]LogTexture:Display: Building textures: SkyOcclusion1_15 (AutoDXT)
[2015.01.09-08.31.35:587][572]LogTexture:Display: Building textures: LQ_Lightmap_1_14 (DXT1)
[2015.01.09-08.31.35:600][572]LogTexture:Display: Building textures: HQ_Lightmap1_14 (AutoDXT)
[2015.01.09-08.31.35:633][572]LogTexture:Display: Building textures: SkyOcclusion1_14 (AutoDXT)
[2015.01.09-08.31.35:647][572]LogTexture:Display: Building textures: LQ_Lightmap_1_13 (DXT1)
[2015.01.09-08.31.35:659][572]LogTexture:Display: Building textures: HQ_Lightmap1_13 (AutoDXT)
[2015.01.09-08.31.35:703][572]LogTexture:Display: Building textures: SkyOcclusion1_13 (AutoDXT)
[2015.01.09-08.31.35:718][572]LogTexture:Display: Building textures: LQ_Lightmap_1_12 (DXT1)
[2015.01.09-08.31.35:738][572]LogTexture:Display: Building textures: HQ_Lightmap1_12 (AutoDXT)
[2015.01.09-08.31.35:774][572]LogTexture:Display: Building textures: SkyOcclusion1_12 (AutoDXT)
[2015.01.09-08.31.35:790][572]LogTexture:Display: Building textures: LQ_Lightmap_0_11 (DXT1)
[2015.01.09-08.31.35:814][572]LogTexture:Display: Building textures: HQ_Lightmap0_11 (AutoDXT)
[2015.01.09-08.31.35:853][572]LogTexture:Display: Building textures: SkyOcclusion1_11 (AutoDXT)
[2015.01.09-08.31.35:871][572]LogTexture:Display: Building textures: LQ_Lightmap_0_10 (DXT1)
[2015.01.09-08.31.35:882][572]LogTexture:Display: Building textures: HQ_Lightmap0_10 (AutoDXT)
[2015.01.09-08.31.35:927][572]LogTexture:Display: Building textures: SkyOcclusion1_10 (AutoDXT)
[2015.01.09-08.31.35:944][572]LogTexture:Display: Building textures: LQ_Lightmap_0_9 (DXT1)
[2015.01.09-08.31.36:002][572]LogTexture:Display: Building textures: HQ_Lightmap0_9 (AutoDXT)
[2015.01.09-08.31.36:105][572]LogTexture:Display: Building textures: SkyOcclusion1_9 (AutoDXT)
[2015.01.09-08.31.36:142][572]LogTexture:Display: Building textures: LQ_Lightmap_0_8 (DXT1)
[2015.01.09-08.31.36:195][572]LogTexture:Display: Building textures: HQ_Lightmap0_8 (AutoDXT)
[2015.01.09-08.31.36:297][572]LogTexture:Display: Building textures: SkyOcclusion1_8 (AutoDXT)
[2015.01.09-08.31.36:335][572]LogTexture:Display: Building textures: LQ_Lightmap_0_7 (DXT1)
[2015.01.09-08.31.36:421][572]LogTexture:Display: Building textures: HQ_Lightmap0_7 (AutoDXT)
[2015.01.09-08.31.36:658][572]LogTexture:Display: Building textures: SkyOcclusion1_7 (AutoDXT)
[2015.01.09-08.31.36:739][572]LogTexture:Display: Building textures: LQ_Lightmap_0_6 (DXT1)
[2015.01.09-08.31.36:803][572]LogTexture:Display: Building textures: HQ_Lightmap0_6 (AutoDXT)
[2015.01.09-08.31.36:964][572]LogTexture:Display: Building textures: SkyOcclusion1_6 (AutoDXT)
[2015.01.09-08.31.37:026][572]LogTexture:Display: Building textures: LQ_Lightmap_1_5 (DXT1)
[2015.01.09-08.31.37:077][572]LogTexture:Display: Building textures: HQ_Lightmap1_5 (AutoDXT)
[2015.01.09-08.31.37:205][572]LogTexture:Display: Building textures: SkyOcclusion1_5 (AutoDXT)
[2015.01.09-08.31.37:249][572]LogTexture:Display: Building textures: LQ_Lightmap_0_4 (DXT1)
[2015.01.09-08.31.37:316][572]LogTexture:Display: Building textures: HQ_Lightmap0_4 (AutoDXT)
[2015.01.09-08.31.37:485][572]LogTexture:Display: Building textures: SkyOcclusion1_4 (AutoDXT)
[2015.01.09-08.31.37:547][572]LogTexture:Display: Building textures: LQ_Lightmap_0_3 (DXT1)
[2015.01.09-08.31.37:593][572]LogTexture:Display: Building textures: HQ_Lightmap0_3 (AutoDXT)
[2015.01.09-08.31.37:694][572]LogTexture:Display: Building textures: SkyOcclusion1_3 (AutoDXT)
[2015.01.09-08.31.37:741][572]LogTexture:Display: Building textures: LQ_Lightmap_0_2 (DXT1)
[2015.01.09-08.31.37:782][572]LogTexture:Display: Building textures: HQ_Lightmap0_2 (AutoDXT)
[2015.01.09-08.31.37:917][572]LogTexture:Display: Building textures: SkyOcclusion1_2 (AutoDXT)
[2015.01.09-08.31.37:964][572]LogTexture:Display: Building textures: LQ_Lightmap_0_1 (DXT1)
[2015.01.09-08.31.38:019][572]LogTexture:Display: Building textures: HQ_Lightmap0_1 (AutoDXT)
[2015.01.09-08.31.38:155][572]Lightmass on PC40567: 2:21 min total, 467 ms importing, 2.78 sec setup, 3.14 sec photons, 2:14 min processing, 0 ms extra exporting [1388/1388 mappings]. Threads: 24:43 min total, 21:09 min processing.
[2015.01.09-08.31.38:216][572]LogStaticLightingSystem:Warning: Illumination: 2:34 min (5.40 sec encoding lightmaps)
[2015.01.09-08.31.38:216][572]LogStaticLightingSystem: Lightmap texture memory:  16.8 MB (15.5 MB streaming, 1.3 MB non-streaming), 74 textures
[2015.01.09-08.31.38:216][572]LogStaticLightingSystem: Shadowmap texture memory: 0.0 MB (0.0 MB streaming, 0.0 MB non-streaming), 0 textures
[2015.01.09-08.31.38:703][573]Cmd: MAP CHECK NOTIFYRESULTS
[2015.01.09-08.31.38:703][573]MapCheck: New page: Assignment2 - 9 Jan 2015 08:31:38
[2015.01.09-08.31.39:147][573]MapCheck: Info Map check complete: 0 Error(s), 0 Warning(s), took 443.066ms to complete.
[2015.01.09-08.33.27:775][302]LogTexture:Warning: Failed to stream mip data from the derived data cache for /Game/Maps/Assignment2.HQ_Lightmap1_2. Streaming mips will be recached.
[2015.01.09-08.33.27:821][302]LogTexture:Display: Building textures: HQ_Lightmap1_2 (AutoDXT)
[2015.01.09-08.33.30:368][357]LogTexture:Warning: Failed to stream mip data from the derived data cache for /Game/Maps/Assignment2.HQ_Lightmap1_3. Streaming mips will be recached.
[2015.01.09-08.33.30:448][357]LogTexture:Display: Building textures: HQ_Lightmap1_3 (AutoDXT)
[2015.01.09-08.33.33:529][405]LogTexture:Warning: Failed to stream mip data from the derived data cache for /Game/Maps/Assignment2.None. Streaming mips will be recached.
[2015.01.09-08.33.35:866][405]Cmd: OBJ SAVEPACKAGE PACKAGE="/Game/Maps/Assignment2" FILE="F:/Assignment2/Content/Maps/Assignment2.umap" SILENT=true AUTOSAVING=false KEEPDIRTY=false
[2015.01.09-08.36.52:485][405]LogSavePackage: Save=195461.515625ms
[2015.01.09-08.36.52:485][405]LogSavePackage: Moving 'F:/Assignment2/Saved/Assignment2C06C3F8146514C91C2E91FA9B2E0361A.tmp' to 'F:/Assignment2/Content/Maps/Assignment2.umap'
[2015.01.09-08.36.52:810][405]LogFileHelpers: Saving map 'Assignment2' took 197.376
[2015.01.09-08.36.54:014][406]Cmd: QUIT_EDITOR
[2015.01.09-08.36.54:500][406]LogExit: Preparing to exit.
[2015.01.09-08.36.55:395][406]LogExit: Editor shut down
[2015.01.09-08.36.55:396][406]LogExit: Transaction tracking system shut down
[2015.01.09-08.36.55:400][406]LogParticles: Destroying 0 GPU particle simulations for FXSystem 0x000000002FF431A0
[2015.01.09-08.36.55:402][406]LogParticles: Destroying 0 GPU particle simulations for FXSystem 0x000000001C220E00
[2015.01.09-08.36.55:481][406]LogParticles: Destroying 0 GPU particle simulations for FXSystem 0x00000000189B6AC0
[2015.01.09-08.36.55:481][406]LogExit: Object subsystem successfully closed.
[2015.01.09-08.36.55:568][406]LogModuleManager: Shutting down and abandoning module AndroidDeviceDetection (171)
[2015.01.09-08.36.55:568][406]LogModuleManager: Shutting down and abandoning module CrashTracker (170)
[2015.01.09-08.36.55:568][406]LogModuleManager: Shutting down and abandoning module SuperSearch (169)
[2015.01.09-08.36.55:568][406]LogModuleManager: Shutting down and abandoning module EditorWidgets (168)
[2015.01.09-08.36.55:568][406]LogModuleManager: Shutting down and abandoning module CollectionManager (167)
[2015.01.09-08.36.55:568][406]LogModuleManager: Shutting down and abandoning module StatsViewer (166)
[2015.01.09-08.36.55:568][406]LogModuleManager: Shutting down and abandoning module FoliageEdit (165)
[2015.01.09-08.36.55:568][406]LogModuleManager: Shutting down and abandoning module LandscapeEditor (164)
[2015.01.09-08.36.55:568][406]LogModuleManager: Shutting down and abandoning module MeshPaint (163)
[2015.01.09-08.36.55:568][406]LogModuleManager: Shutting down and abandoning module ActorPickerMode (162)
[2015.01.09-08.36.55:568][406]LogModuleManager: Shutting down and abandoning module GeometryMode (161)
[2015.01.09-08.36.55:568][406]LogModuleManager: Shutting down and abandoning module TextureAlignMode (160)
[2015.01.09-08.36.55:568][406]LogModuleManager: Shutting down and abandoning module BspMode (159)
[2015.01.09-08.36.55:569][406]LogModuleManager: Shutting down and abandoning module PlacementMode (158)
[2015.01.09-08.36.55:569][406]LogModuleManager: Shutting down and abandoning module AutomationWorker (157)
[2015.01.09-08.36.55:569][406]LogModuleManager: Shutting down and abandoning module CharacterAI (156)
[2015.01.09-08.36.55:569][406]LogModuleManager: Shutting down and abandoning module GameProjectGeneration (155)
[2015.01.09-08.36.55:569][406]LogModuleManager: Shutting down and abandoning module IntroTutorials (154)
[2015.01.09-08.36.55:569][406]LogModuleManager: Shutting down and abandoning module EditorLiveStreaming (153)
[2015.01.09-08.36.55:569][406]LogModuleManager: Shutting down and abandoning module HardwareTargeting (152)
[2015.01.09-08.36.55:569][406]LogModuleManager: Shutting down and abandoning module DeviceProfileEditor (151)
[2015.01.09-08.36.55:569][406]LogModuleManager: Shutting down and abandoning module UndoHistory (150)
[2015.01.09-08.36.55:569][406]LogModuleManager: Shutting down and abandoning module GameplayTagsEditor (149)
[2015.01.09-08.36.55:569][406]LogModuleManager: Shutting down and abandoning module UserFeedback (148)
[2015.01.09-08.36.55:569][406]LogModuleManager: Shutting down and abandoning module XmlParser (147)
[2015.01.09-08.36.55:569][406]LogModuleManager: Shutting down and abandoning module Blutility (146)
[2015.01.09-08.36.55:569][406]LogModuleManager: Shutting down and abandoning module IOSPlatformEditor (145)
[2015.01.09-08.36.55:569][406]LogModuleManager: Shutting down and abandoning module IOSRuntimeSettings (144)
[2015.01.09-08.36.55:569][406]LogModuleManager: Shutting down and abandoning module AndroidPlatformEditor (143)
[2015.01.09-08.36.55:577][406]LogModuleManager: Shutting down and abandoning module AndroidRuntimeSettings (142)
[2015.01.09-08.36.55:577][406]LogModuleManager: Shutting down and abandoning module ProjectTargetPlatformEditor (141)
[2015.01.09-08.36.55:577][406]LogModuleManager: Shutting down and abandoning module ProjectSettingsViewer (140)
[2015.01.09-08.36.55:577][406]LogModuleManager: Shutting down and abandoning module InputBindingEditor (139)
[2015.01.09-08.36.55:577][406]LogModuleManager: Shutting down and abandoning module EditorSettingsViewer (138)
[2015.01.09-08.36.55:577][406]LogModuleManager: Shutting down and abandoning module SettingsEditor (137)
[2015.01.09-08.36.55:578][406]LogModuleManager: Shutting down and abandoning module ProjectLauncher (136)
[2015.01.09-08.36.55:578][406]LogModuleManager: Shutting down and abandoning module SessionFrontend (135)
[2015.01.09-08.36.55:578][406]LogModuleManager: Shutting down and abandoning module ProfilerClient (134)
[2015.01.09-08.36.55:578][406]LogModuleManager: Shutting down and abandoning module TargetDeviceServices (133)
[2015.01.09-08.36.55:578][406]LogModuleManager: Shutting down and abandoning module DeviceManager (132)
[2015.01.09-08.36.55:578][406]LogModuleManager: Shutting down and abandoning module AutomationController (131)
[2015.01.09-08.36.55:578][406]LogModuleManager: Shutting down and abandoning module AutomationWindow (130)
[2015.01.09-08.36.55:578][406]LogModuleManager: Shutting down and abandoning module Layers (129)
[2015.01.09-08.36.55:578][406]LogModuleManager: Shutting down and abandoning module ComponentVisualizers (128)
[2015.01.09-08.36.55:578][406]LogModuleManager: Shutting down and abandoning module DetailCustomizations (127)
[2015.01.09-08.36.55:578][406]LogModuleManager: Shutting down and abandoning module PackagesDialog (126)
[2015.01.09-08.36.55:579][406]LogModuleManager: Shutting down and abandoning module AssetRegistry (125)
[2015.01.09-08.36.55:811][406]LogModuleManager: Shutting down and abandoning module Persona (124)
[2015.01.09-08.36.55:811][406]LogModuleManager: Shutting down and abandoning module Kismet (123)
[2015.01.09-08.36.55:811][406]LogModuleManager: Shutting down and abandoning module GraphEditor (122)
[2015.01.09-08.36.55:811][406]LogModuleManager: Shutting down and abandoning module ClassViewer (121)
[2015.01.09-08.36.55:811][406]LogModuleManager: Shutting down and abandoning module Toolbox (120)
[2015.01.09-08.36.55:811][406]LogModuleManager: Shutting down and abandoning module ModuleUI (119)
[2015.01.09-08.36.55:811][406]LogModuleManager: Shutting down and abandoning module MovieSceneTools (118)
[2015.01.09-08.36.55:811][406]LogModuleManager: Shutting down and abandoning module OutputLog (117)
[2015.01.09-08.36.55:811][406]LogModuleManager: Shutting down and abandoning module GammaUI (116)
[2015.01.09-08.36.55:811][406]LogModuleManager: Shutting down and abandoning module Documentation (115)
[2015.01.09-08.36.55:811][406]LogModuleManager: Shutting down and abandoning module GameLiveStreaming (114)
[2015.01.09-08.36.55:811][406]LogModuleManager: Shutting down and abandoning module StreamingPauseRendering (113)
[2015.01.09-08.36.55:811][406]LogModuleManager: Shutting down and abandoning module HTTP (112)
[2015.01.09-08.36.55:811][406]LogModuleManager: Shutting down and abandoning module AnalyticsET (111)
[2015.01.09-08.36.55:811][406]LogModuleManager: Shutting down and abandoning module Analytics (110)
[2015.01.09-08.36.55:811][406]LogModuleManager: Shutting down and abandoning module AITestSuite (109)
[2015.01.09-08.36.55:811][406]LogModuleManager: Shutting down and abandoning module AIModule (108)
[2015.01.09-08.36.55:811][406]LogModuleManager: Shutting down and abandoning module ProfilerService (107)
[2015.01.09-08.36.55:978][406]LogModuleManager: Shutting down and abandoning module TaskGraph (106)
[2015.01.09-08.36.55:978][406]LogModuleManager: Shutting down and abandoning module GameplayDebugger (105)
[2015.01.09-08.36.55:987][406]LogModuleManager: Shutting down and abandoning module SlateRemote (104)
[2015.01.09-08.36.55:987][406]LogModuleManager: Shutting down and abandoning module ScriptEditorPlugin (103)
[2015.01.09-08.36.55:987][406]LogModuleManager: Shutting down and abandoning module CustomMeshComponent (102)
[2015.01.09-08.36.55:987][406]LogModuleManager: Shutting down and abandoning module CableComponent (101)
[2015.01.09-08.36.55:987][406]LogModuleManager: Shutting down and abandoning module MessagingDebugger (100)
[2015.01.09-08.36.55:987][406]LogModuleManager: Shutting down and abandoning module MediaPlayerEditor (99)
[2015.01.09-08.36.55:987][406]LogModuleManager: Shutting down and abandoning module SpeedTreeImporter (98)
[2015.01.09-08.36.55:987][406]LogModuleManager: Shutting down and abandoning module PluginsEditor (97)
[2015.01.09-08.36.55:987][406]LogModuleManager: Shutting down and abandoning module EpicSurvey (96)
[2015.01.09-08.36.55:987][406]LogModuleManager: Shutting down and abandoning module DesktopPlatform (95)
[2015.01.09-08.36.55:987][406]LogModuleManager: Shutting down and abandoning module VisualStudioSourceCodeAccess (94)
[2015.01.09-08.36.55:987][406]LogModuleManager: Shutting down and abandoning module UObjectPlugin (93)
[2015.01.09-08.36.55:987][406]LogModuleManager: Shutting down and abandoning module SubversionSourceControl (92)
[2015.01.09-08.36.55:987][406]LogModuleManager: Shutting down and abandoning module SourceControl (91)
[2015.01.09-08.36.55:987][406]LogModuleManager: Shutting down and abandoning module PerforceSourceControl (90)
[2015.01.09-08.36.55:987][406]LogModuleManager: Shutting down and abandoning module BlankPlugin (89)
[2015.01.09-08.36.55:987][406]LogModuleManager: Shutting down and abandoning module SlateReflector (88)
[2015.01.09-08.36.55:988][406]LogModuleManager: Shutting down and abandoning module DirectoryWatcher (87)
[2015.01.09-08.36.55:988][406]LogModuleManager: Shutting down and abandoning module HotReload (86)
[2015.01.09-08.36.55:988][406]LogModuleManager: Shutting down and abandoning module MainFrame (85)
[2015.01.09-08.36.55:988][406]LogModuleManager: Shutting down and abandoning module LevelEditor (84)
[2015.01.09-08.36.55:990][406]LogModuleManager: Shutting down and abandoning module ViewportSnapping (83)
[2015.01.09-08.36.55:990][406]LogModuleManager: Shutting down and abandoning module SmartSnapping (82)
[2015.01.09-08.36.55:990][406]LogModuleManager: Shutting down and abandoning module PaperTiledImporter (81)
[2015.01.09-08.36.55:990][406]LogModuleManager: Shutting down and abandoning module PaperJsonImporter (80)
[2015.01.09-08.36.55:990][406]LogModuleManager: Shutting down and abandoning module ContentBrowser (79)
[2015.01.09-08.36.55:990][406]LogModuleManager: Shutting down and abandoning module Paper2DEditor (78)
[2015.01.09-08.36.55:990][406]LogModuleManager: Shutting down and abandoning module ScriptPlugin (77)
[2015.01.09-08.36.55:990][406]LogModuleManager: Shutting down and abandoning module UdpMessaging (76)
[2015.01.09-08.36.56:090][406]LogModuleManager: Shutting down and abandoning module Paper2D (75)
[2015.01.09-08.36.56:090][406]LogModuleManager: Shutting down and abandoning module UE4Game (74)
[2015.01.09-08.36.56:090][406]LogModuleManager: Shutting down and abandoning module WindowsMoviePlayer (73)
[2015.01.09-08.36.56:095][406]LogModuleManager: Shutting down and abandoning module Media (72)
[2015.01.09-08.36.56:095][406]LogModuleManager: Shutting down and abandoning module WmfMedia (71)
[2015.01.09-08.36.56:096][406]LogModuleManager: Shutting down and abandoning module OnlineBlueprintSupport (70)
[2015.01.09-08.36.56:096][406]LogModuleManager: Shutting down and abandoning module PropertyEditor (69)
[2015.01.09-08.36.56:096][406]LogModuleManager: Shutting down and abandoning module BehaviorTreeEditor (68)
[2015.01.09-08.36.56:096][406]LogModuleManager: Shutting down and abandoning module FunctionalTesting (67)
[2015.01.09-08.36.56:096][406]LogModuleManager: Shutting down and abandoning module CollisionAnalyzer (66)
[2015.01.09-08.36.56:104][406]LogModuleManager: Shutting down and abandoning module WorkspaceMenuStructure (65)
[2015.01.09-08.36.56:104][406]LogModuleManager: Shutting down and abandoning module MessageLog (64)
[2015.01.09-08.36.56:104][406]LogModuleManager: Shutting down and abandoning module Sequencer (63)
[2015.01.09-08.36.56:104][406]LogModuleManager: Shutting down and abandoning module AssetTools (62)
[2015.01.09-08.36.56:104][406]LogModuleManager: Shutting down and abandoning module UMGEditor (61)
[2015.01.09-08.36.56:104][406]LogModuleManager: Shutting down and abandoning module UMG (60)
[2015.01.09-08.36.56:104][406]LogModuleManager: Shutting down and abandoning module Slate (59)
[2015.01.09-08.36.56:104][406]LogModuleManager: Shutting down and abandoning module EditorStyle (58)
[2015.01.09-08.36.56:117][406]LogModuleManager: Shutting down and abandoning module SessionServices (57)
[2015.01.09-08.36.56:117][406]LogModuleManager: Shutting down and abandoning module SourceCodeAccess (56)
[2015.01.09-08.36.56:117][406]LogModuleManager: Shutting down and abandoning module HeadMountedDisplay (55)
[2015.01.09-08.36.56:117][406]LogModuleManager: Shutting down and abandoning module XAudio2 (54)
[2015.01.09-08.36.56:117][406]LogModuleManager: Shutting down and abandoning module Networking (52)
[2015.01.09-08.36.56:117][406]LogModuleManager: Shutting down and abandoning module Core (51)
[2015.01.09-08.36.56:117][406]LogModuleManager: Shutting down and abandoning module KismetCompiler (50)
[2015.01.09-08.36.56:117][406]LogModuleManager: Shutting down and abandoning module PhysXFormats (49)
[2015.01.09-08.36.56:117][406]LogModuleManager: Shutting down and abandoning module MeshUtilities (48)
[2015.01.09-08.36.56:117][406]LogModuleManager: Shutting down and abandoning module DerivedDataCache (47)
[2015.01.09-08.36.56:152][406]LogDerivedDataCache: Shutdown
[2015.01.09-08.36.56:152][406]LogModuleManager: Shutting down and abandoning module ShaderFormatOpenGL (46)
[2015.01.09-08.36.56:152][406]LogModuleManager: Shutting down and abandoning module ShaderFormatD3D (45)
[2015.01.09-08.36.56:152][406]LogModuleManager: Shutting down and abandoning module MetalShaderFormat (44)
[2015.01.09-08.36.56:152][406]LogModuleManager: Shutting down and abandoning module TextureFormatUncompressed (43)
[2015.01.09-08.36.56:152][406]LogModuleManager: Shutting down and abandoning module TextureFormatPVR (42)
[2015.01.09-08.36.56:152][406]LogModuleManager: Shutting down and abandoning module TextureFormatDXT (41)
[2015.01.09-08.36.56:152][406]LogModuleManager: Shutting down and abandoning module TextureFormatAndroid (40)
[2015.01.09-08.36.56:152][406]LogModuleManager: Shutting down and abandoning module AudioFormatOpus (39)
[2015.01.09-08.36.56:152][406]LogModuleManager: Shutting down and abandoning module AudioFormatOgg (38)
[2015.01.09-08.36.56:152][406]LogModuleManager: Shutting down and abandoning module AudioFormatADPCM (37)
[2015.01.09-08.36.56:152][406]LogModuleManager: Shutting down and abandoning module LinuxTargetPlatform (36)
[2015.01.09-08.36.56:152][406]LogModuleManager: Shutting down and abandoning module LinuxServerTargetPlatform (35)
[2015.01.09-08.36.56:152][406]LogModuleManager: Shutting down and abandoning module LinuxNoEditorTargetPlatform (34)
[2015.01.09-08.36.56:152][406]LogModuleManager: Shutting down and abandoning module Messaging (33)
[2015.01.09-08.36.56:152][406]LogModuleManager: Shutting down and abandoning module IOSTargetPlatform (32)
[2015.01.09-08.36.56:152][406]LogModuleManager: Shutting down and abandoning module Android_PVRTCTargetPlatform (31)
[2015.01.09-08.36.56:152][406]LogModuleManager: Shutting down and abandoning module Android_ETC2TargetPlatform (30)
[2015.01.09-08.36.56:152][406]LogModuleManager: Shutting down and abandoning module Android_ETC1TargetPlatform (29)
[2015.01.09-08.36.56:152][406]LogModuleManager: Shutting down and abandoning module Android_DXTTargetPlatform (28)
[2015.01.09-08.36.56:152][406]LogModuleManager: Shutting down and abandoning module Android_ATCTargetPlatform (27)
[2015.01.09-08.36.56:165][406]LogModuleManager: Shutting down and abandoning module AndroidTargetPlatform (26)
[2015.01.09-08.36.56:165][406]LogModuleManager: Shutting down and abandoning module WindowsTargetPlatform (25)
[2015.01.09-08.36.56:165][406]LogModuleManager: Shutting down and abandoning module WindowsServerTargetPlatform (24)
[2015.01.09-08.36.56:165][406]LogModuleManager: Shutting down and abandoning module WindowsNoEditorTargetPlatform (23)
[2015.01.09-08.36.56:165][406]LogModuleManager: Shutting down and abandoning module WindowsClientTargetPlatform (22)
[2015.01.09-08.36.56:166][406]LogModuleManager: Shutting down and abandoning module TargetPlatform (21)
[2015.01.09-08.36.56:166][406]LogModuleManager: Shutting down and abandoning module InputCore (20)
[2015.01.09-08.36.56:166][406]LogModuleManager: Shutting down and abandoning module Settings (19)
[2015.01.09-08.36.56:166][406]LogModuleManager: Shutting down and abandoning module ImageWrapper (18)
[2015.01.09-08.36.56:166][406]LogModuleManager: Shutting down and abandoning module OculusRift (15)
[2015.01.09-08.36.56:166][406]LogModuleManager: Shutting down and abandoning module ExampleDeviceProfileSelector (14)
[2015.01.09-08.36.56:166][406]LogModuleManager: Shutting down and abandoning module TextureCompressor (13)
[2015.01.09-08.36.56:166][406]LogModuleManager: Shutting down and abandoning module ShaderCore (12)
[2015.01.09-08.36.56:166][406]LogModuleManager: Shutting down and abandoning module Landscape (11)
[2015.01.09-08.36.56:166][406]LogModuleManager: Shutting down and abandoning module SlateRHIRenderer (10)
[2015.01.09-08.36.56:171][406]LogModuleManager: Shutting down and abandoning module OpenGLDrv (9)
[2015.01.09-08.36.56:171][406]LogModuleManager: Shutting down and abandoning module D3D11RHI (8)
[2015.01.09-08.36.56:171][406]LogModuleManager: Shutting down and abandoning module Renderer (7)
[2015.01.09-08.36.56:171][406]LogModuleManager: Shutting down and abandoning module Engine (6)
[2015.01.09-08.36.56:171][406]LogModuleManager: Shutting down and abandoning module CoreUObject (5)
[2015.01.09-08.36.56:171][406]LogModuleManager: Shutting down and abandoning module NetworkFile (4)
[2015.01.09-08.36.56:171][406]LogModuleManager: Shutting down and abandoning module StreamingFile (3)
[2015.01.09-08.36.56:171][406]LogModuleManager: Shutting down and abandoning module SandboxFile (2)
[2015.01.09-08.36.56:171][406]LogModuleManager: Shutting down and abandoning module PakFile (1)
[2015.01.09-08.36.56:172][406]LogExit: Exiting.
[2015.01.09-08.36.56:309][406]Log file closed, 01/09/15 08:36:56
